{
  message: 'database connect successfully',
  level: 'info',
  service: 'user-service',
  label: 'right meow!',
  timestamp: '2023-06-09T04:00:19.052Z'
}
{
  message: 'Example app listening on port 5000',
  level: 'info',
  service: 'user-service',
  label: 'right meow!',
  timestamp: '2023-06-09T04:00:19.061Z'
}
{
  message: 'database connect successfully',
  level: 'info',
  service: 'user-service',
  label: 'right meow!',
  timestamp: '2023-06-09T04:01:26.100Z'
}
{
  message: 'Example app listening on port 5000',
  level: 'info',
  service: 'user-service',
  label: 'right meow!',
  timestamp: '2023-06-09T04:01:26.113Z'
}
{
  message: 'database connect successfully',
  level: 'info',
  service: 'user-service',
  label: 'right meow!',
  timestamp: '2023-06-09T04:13:53.292Z'
}
{
  message: 'Example app listening on port 5000',
  level: 'info',
  service: 'user-service',
  label: 'right meow!',
  timestamp: '2023-06-09T04:13:53.301Z'
}
{
  message: 'database connect successfully',
  level: 'info',
  service: 'user-service',
  label: 'right meow!',
  timestamp: '2023-06-09T04:18:53.938Z'
}
{
  message: 'Example app listening on port 5000',
  level: 'info',
  service: 'user-service',
  label: 'right meow!',
  timestamp: '2023-06-09T04:18:53.945Z'
}
{
  message: 'database connect successfully',
  level: 'info',
  service: 'user-service',
  label: 'right meow!',
  timestamp: '2023-06-09T04:24:25.929Z'
}
{
  message: 'Example app listening on port 5000',
  level: 'info',
  service: 'user-service',
  label: 'right meow!',
  timestamp: '2023-06-09T04:24:25.942Z'
}
{
  message: 'database connect successfully',
  level: 'info',
  service: 'user-service',
  label: 'right meow!',
  timestamp: '2023-06-09T04:24:34.001Z'
}
{
  message: 'Example app listening on port 5000',
  level: 'info',
  service: 'user-service',
  label: 'right meow!',
  timestamp: '2023-06-09T04:24:34.010Z'
}
{
  message: 'database connect successfully',
  level: 'info',
  service: 'user-service',
  label: 'right meow!',
  timestamp: '2023-06-09T04:25:50.454Z'
}
{
  message: 'Example app listening on port 5000',
  level: 'info',
  service: 'user-service',
  label: 'right meow!',
  timestamp: '2023-06-09T04:25:50.464Z'
}
{
  message: 'database connect successfully',
  level: 'info',
  service: 'user-service',
  label: 'right meow!',
  timestamp: '2023-06-09T04:26:30.685Z'
}
{
  message: 'Example app listening on port 5000',
  level: 'info',
  service: 'user-service',
  label: 'right meow!',
  timestamp: '2023-06-09T04:26:30.699Z'
}
{
  message: 'database connect successfully',
  level: 'info',
  service: 'user-service',
  label: 'right meow!',
  timestamp: '2023-06-09T04:35:39.568Z'
}
{
  message: 'Example app listening on port 5000',
  level: 'info',
  service: 'user-service',
  label: 'right meow!',
  timestamp: '2023-06-09T04:35:39.578Z'
}
{
  message: 'database connect successfully',
  level: 'info',
  service: 'user-service',
  label: 'right meow!',
  timestamp: '2023-06-09T04:39:13.557Z'
}
{
  message: 'Example app listening on port 5000',
  level: 'info',
  service: 'user-service',
  label: 'right meow!',
  timestamp: '2023-06-09T04:39:13.567Z'
}
{
  message: 'database connect successfully',
  level: 'info',
  service: 'user-service',
  label: 'right meow!',
  timestamp: '2023-06-09T04:53:46.036Z'
}
{
  message: 'Example app listening on port 5000',
  level: 'info',
  service: 'user-service',
  label: 'right meow!',
  timestamp: '2023-06-09T04:53:46.045Z'
}
{
  message: 'database connect successfully',
  level: 'info',
  service: 'user-service',
  label: 'right meow!',
  timestamp: '2023-06-09T04:56:45.655Z'
}
{
  message: 'Example app listening on port 5000',
  level: 'info',
  service: 'user-service',
  label: 'right meow!',
  timestamp: '2023-06-09T04:56:45.668Z'
}
